<?xml version="1.0" encoding="UTF-8"?>
<!-- Generated by org.testng.reporters.JUnitXMLReporter -->
<testsuite ignored="0" hostname="DESKTOP-HU5627B" failures="0" tests="3" name="Default test" time="15.597" errors="0" timestamp="2023-02-14T11:35:08 IST">
  <testcase classname="com.AmazonAutomation.QA.TestCases.LoginPageTestCase" name="launchandLogin" time="5.181"/>
  <testcase classname="com.AmazonAutomation.QA.TestCases.LoginPageTestCase" name="Login" time="3.131"/>
  <testcase classname="com.AmazonAutomation.QA.TestCases.LoginPageTestCase" name="signout" time="7.08"/>
</testsuite> <!-- Default test -->
