<?xml version="1.0" encoding="UTF-8"?>
<!-- Generated by org.testng.reporters.JUnitXMLReporter -->
<testsuite ignored="0" hostname="DESKTOP-HU5627B" failures="0" tests="5" name="Test" time="27.302" errors="0" timestamp="2023-02-13T21:24:11 IST">
  <testcase classname="com.AmazonAutomation.BaseClass.BaseClass" name="initilize" time="5.24"/>
  <testcase classname="com.AmazonAutomation.BaseClass.BaseClass" name="initilize" time="1.935"/>
  <testcase classname="com.AmazonAutomation.QA.TestCases.LoginPageTestCase" name="launchandLogin" time="6.703"/>
  <testcase classname="com.AmazonAutomation.QA.TestCases.LoginPageTestCase" name="Login" time="3.747"/>
  <testcase classname="com.AmazonAutomation.QA.TestCases.LoginPageTestCase" name="signout" time="9.511"/>
</testsuite> <!-- Test -->
