<?xml version="1.0" encoding="UTF-8"?>
<!-- Generated by org.testng.reporters.JUnitXMLReporter -->
<testsuite ignored="3" hostname="DESKTOP-HU5627B" failures="1" tests="2" name="Test(failed)" time="0.118" errors="0" timestamp="2023-02-06T21:02:59 IST">
  <testcase classname="com.AmazonAutomation.QA.TestCases.BabyCareTestCase" name="creatObjects" time="0.009"/>
  <testcase classname="com.AmazonAutomation.QA.TestCases.BabyCareTestCase" name="sinout" time="0.011">
    <failure type="java.lang.IllegalArgumentException" message="Driver must be set">
      <![CDATA[java.lang.IllegalArgumentException: Driver must be set
at org.openqa.selenium.internal.Require.nonNull(Require.java:59)
at org.openqa.selenium.interactions.Actions.<init>(Actions.java:60)
at com.AmazonAutomation.QA.LoginPageObjects.LoginPageObjects.logOut(LoginPageObjects.java:38)
at com.AmazonAutomation.QA.TestCases.BabyCareTestCase.sinout(BabyCareTestCase.java:35)
at java.base/java.util.ArrayList.forEach(ArrayList.java:1511)
... Removed 27 stack frames]]>
    </failure>
  </testcase> <!-- sinout -->
  <testcase classname="com.AmazonAutomation.QA.TestCases.BabyCareTestCase" name="babcareProducts" time="0.0">
    <ignored/>
  </testcase> <!-- babcareProducts -->
  <testcase classname="com.AmazonAutomation.QA.TestCases.BabyCareTestCase" name="launchandLogin" time="0.0">
    <ignored/>
  </testcase> <!-- launchandLogin -->
  <testcase classname="com.AmazonAutomation.BaseClass.BaseClass" name="initilize" time="0.0">
    <ignored/>
  </testcase> <!-- initilize -->
</testsuite> <!-- Test(failed) -->
