<?xml version="1.0" encoding="UTF-8"?>
<!-- Generated by org.testng.reporters.JUnitXMLReporter -->
<testsuite ignored="1" hostname="DESKTOP-HU5627B" failures="0" tests="4" name="Test" time="16.363" errors="0" timestamp="2023-02-09T17:16:05 IST">
  <testcase classname="com.AmazonAutomation.QA.TestCases.LoginPageTestCase" name="creatObjects" time="0.023"/>
  <testcase classname="com.AmazonAutomation.QA.TestCases.LoginPageTestCase" name="launchandLogin" time="5.201"/>
  <testcase classname="com.AmazonAutomation.QA.TestCases.LoginPageTestCase" name="Login" time="2.959"/>
  <testcase classname="com.AmazonAutomation.QA.TestCases.LoginPageTestCase" name="signout" time="2.61"/>
  <testcase classname="com.AmazonAutomation.BaseClass.BaseClass" name="@BeforeSuite initilize" time="0.0">
    <ignored/>
  </testcase> <!-- @BeforeSuite initilize -->
</testsuite> <!-- Test -->
