<?xml version="1.0" encoding="UTF-8"?>
<testng-results ignored="0" total="3" passed="3" failed="0" skipped="0">
  <reporter-output>
  </reporter-output>
  <suite started-at="2023-02-14T11:34:52 IST" name="Default suite" finished-at="2023-02-14T11:35:08 IST" duration-ms="15597">
    <groups>
    </groups>
    <test started-at="2023-02-14T11:34:52 IST" name="Default test" finished-at="2023-02-14T11:35:08 IST" duration-ms="15597">
      <class name="com.AmazonAutomation.QA.TestCases.LoginPageTestCase">
        <test-method is-config="true" signature="initilize()[pri:0, instance:com.AmazonAutomation.QA.TestCases.LoginPageTestCase@53aac487]" started-at="2023-02-14T11:34:48 IST" name="initilize" finished-at="2023-02-14T11:34:52 IST" duration-ms="4395" status="PASS">
          <reporter-output>
          </reporter-output>
        </test-method> <!-- initilize -->
        <test-method is-config="true" signature="creatObjects()[pri:0, instance:com.AmazonAutomation.QA.TestCases.LoginPageTestCase@53aac487]" started-at="2023-02-14T11:34:52 IST" name="creatObjects" finished-at="2023-02-14T11:34:52 IST" duration-ms="59" status="PASS">
          <reporter-output>
          </reporter-output>
        </test-method> <!-- creatObjects -->
        <test-method signature="launchandLogin()[pri:0, instance:com.AmazonAutomation.QA.TestCases.LoginPageTestCase@53aac487]" started-at="2023-02-14T11:34:52 IST" name="launchandLogin" finished-at="2023-02-14T11:34:58 IST" duration-ms="5181" status="PASS">
          <reporter-output>
          </reporter-output>
        </test-method> <!-- launchandLogin -->
        <test-method is-config="true" signature="creatObjects()[pri:0, instance:com.AmazonAutomation.QA.TestCases.LoginPageTestCase@53aac487]" started-at="2023-02-14T11:34:58 IST" name="creatObjects" finished-at="2023-02-14T11:34:58 IST" duration-ms="2" status="PASS">
          <reporter-output>
          </reporter-output>
        </test-method> <!-- creatObjects -->
        <test-method signature="Login()[pri:1, instance:com.AmazonAutomation.QA.TestCases.LoginPageTestCase@53aac487]" started-at="2023-02-14T11:34:58 IST" name="Login" finished-at="2023-02-14T11:35:01 IST" duration-ms="3131" status="PASS">
          <reporter-output>
          </reporter-output>
        </test-method> <!-- Login -->
        <test-method is-config="true" signature="creatObjects()[pri:0, instance:com.AmazonAutomation.QA.TestCases.LoginPageTestCase@53aac487]" started-at="2023-02-14T11:35:01 IST" name="creatObjects" finished-at="2023-02-14T11:35:01 IST" duration-ms="3" status="PASS">
          <reporter-output>
          </reporter-output>
        </test-method> <!-- creatObjects -->
        <test-method signature="signout()[pri:2, instance:com.AmazonAutomation.QA.TestCases.LoginPageTestCase@53aac487]" started-at="2023-02-14T11:35:01 IST" name="signout" finished-at="2023-02-14T11:35:08 IST" duration-ms="7080" status="PASS">
          <reporter-output>
          </reporter-output>
        </test-method> <!-- signout -->
      </class> <!-- com.AmazonAutomation.QA.TestCases.LoginPageTestCase -->
    </test> <!-- Default test -->
  </suite> <!-- Default suite -->
</testng-results>
